<?xml version="1.0" encoding="UTF-8" standalone="no"?><testsuite errors="0" failures="0" hostname="SINA-UX430UA" name="default.LambdaExpressionTests" tests="17" time="0.185000"><properties><property name="java.specification.version" value="14"/><property name="sun.cpu.isalist" value="amd64"/><property name="sun.jnu.encoding" value="Cp1252"/><property name="java.class.path" value="C:\Users\Sina-\Projects\Epsilon\workspace\.metadata\.plugins\org.eclipse.pde.core\.bundle_pool\plugins\org.junit_4.13.0.v20200204-1500.jar;C:\Users\Sina-\Projects\Epsilon\workspace\.metadata\.plugins\org.eclipse.pde.core\.bundle_pool\plugins\org.hamcrest.core_1.3.0.v20180420-1519.jar;C:\Users\Sina-\Projects\Epsilon\workspace\.metadata\.plugins\org.eclipse.pde.core\.bundle_pool\plugins\org.mockito_2.23.0.v20200310-1642.jar;C:\Users\Sina-\Projects\Epsilon\workspace\.metadata\.plugins\org.eclipse.pde.core\.bundle_pool\plugins\net.bytebuddy.byte-buddy_1.9.0.v20181107-1410.jar;C:\Users\Sina-\Projects\Epsilon\workspace\.metadata\.plugins\org.eclipse.pde.core\.bundle_pool\plugins\net.bytebuddy.byte-buddy-agent_1.9.0.v20181106-1534.jar;C:\Users\Sina-\Projects\Epsilon\workspace\.metadata\.plugins\org.eclipse.pde.core\.bundle_pool\plugins\org.objenesis_2.6.0.v20180420-1519.jar;C:\Users\Sina-\Projects\Epsilon\org.eclipse.epsilon\plugins\org.eclipse.epsilon.common\bin;C:\Users\Sina-\Projects\Epsilon\workspace\.metadata\.plugins\org.eclipse.pde.core\.bundle_pool\plugins\org.antlr.runtime_3.5.2.v20200417-1535.jar;C:\Users\Sina-\Projects\Epsilon\org.eclipse.epsilon\plugins\org.eclipse.epsilon.eol.engine\bin;C:\Users\Sina-\Projects\Epsilon\org.eclipse.epsilon\plugins\org.eclipse.epsilon.common.dt\bin;C:\Users\Sina-\Projects\Epsilon\workspace\.metadata\.plugins\org.eclipse.pde.core\.bundle_pool\plugins\org.eclipse.core.variables_3.4.800.v20200120-1101.jar;C:\Users\Sina-\Projects\Epsilon\workspace\.metadata\.plugins\org.eclipse.pde.core\.bundle_pool\plugins\org.eclipse.core.runtime_3.17.100.v20200203-0917.jar;C:\Users\Sina-\Projects\Epsilon\workspace\.metadata\.plugins\org.eclipse.pde.core\.bundle_pool\plugins\org.eclipse.osgi_3.15.200.v20200214-1600.jar;C:\Users\Sina-\Projects\Epsilon\workspace\.metadata\.plugins\org.eclipse.pde.core\.bundle_pool\plugins\org.eclipse.equinox.weaving.hook_1.2.600.v20191213-1901.jar;C:\Users\Sina-\Projects\Epsilon\workspace\.metadata\.plugins\org.eclipse.pde.core\.bundle_pool\plugins\org.eclipse.osgi.compatibility.state_1.1.700.v20200207-2156.jar;C:\Users\Sina-\Projects\Epsilon\workspace\.metadata\.plugins\org.eclipse.pde.core\.bundle_pool\plugins\org.eclipse.equinox.transforms.hook_1.2.500.v20190714-1852.jar;C:\Users\Sina-\Projects\Epsilon\workspace\.metadata\.plugins\org.eclipse.pde.core\.bundle_pool\plugins\org.eclipse.equinox.region_1.4.600.v20191002-1632.jar;C:\Users\Sina-\Projects\Epsilon\workspace\.metadata\.plugins\org.eclipse.pde.core\.bundle_pool\plugins\org.eclipse.equinox.common_3.11.0.v20200206-0817.jar;C:\Users\Sina-\Projects\Epsilon\workspace\.metadata\.plugins\org.eclipse.pde.core\.bundle_pool\plugins\org.eclipse.core.jobs_3.10.700.v20200106-1020.jar;C:\Users\Sina-\Projects\Epsilon\workspace\.metadata\.plugins\org.eclipse.pde.core\.bundle_pool\plugins\org.eclipse.equinox.registry_3.8.700.v20200121-1457.jar;C:\Users\Sina-\Projects\Epsilon\workspace\.metadata\.plugins\org.eclipse.pde.core\.bundle_pool\plugins\org.eclipse.equinox.preferences_3.7.700.v20191213-1901.jar;C:\Users\Sina-\Projects\Epsilon\workspace\.metadata\.plugins\org.eclipse.pde.core\.bundle_pool\plugins\org.eclipse.core.contenttype_3.7.600.v20200124-1609.jar;C:\Users\Sina-\Projects\Epsilon\workspace\.metadata\.plugins\org.eclipse.pde.core\.bundle_pool\plugins\org.eclipse.equinox.app_1.4.400.v20191212-0743.jar;C:\Users\Sina-\Projects\Epsilon\workspace\.metadata\.plugins\org.eclipse.pde.core\.bundle_pool\plugins\org.eclipse.jface.text_3.16.200.v20200218-0828.jar;C:\Users\Sina-\Projects\Epsilon\workspace\.metadata\.plugins\org.eclipse.pde.core\.bundle_pool\plugins\org.eclipse.text_3.10.100.v20200217-1239.jar;C:\Users\Sina-\Projects\Epsilon\workspace\.metadata\.plugins\org.eclipse.pde.core\.bundle_pool\plugins\org.eclipse.ui_3.116.0.v20200203-1308.jar;C:\Users\Sina-\Projects\Epsilon\workspace\.metadata\.plugins\org.eclipse.pde.core\.bundle_pool\plugins\org.eclipse.swt_3.114.0.v20200304-0601.jar;C:\Users\Sina-\Projects\Epsilon\workspace\.metadata\.plugins\org.eclipse.pde.core\.bundle_pool\plugins\org.eclipse.swt.win32.win32.x86_64_3.114.0.v20200304-0601.jar;C:\Users\Sina-\Projects\Epsilon\workspace\.metadata\.plugins\org.eclipse.pde.core\.bundle_pool\plugins\org.eclipse.jface_3.19.0.v20200218-1607.jar;C:\Users\Sina-\Projects\Epsilon\workspace\.metadata\.plugins\org.eclipse.pde.core\.bundle_pool\plugins\org.eclipse.core.commands_3.9.700.v20191217-1850.jar;C:\Users\Sina-\Projects\Epsilon\workspace\.metadata\.plugins\org.eclipse.pde.core\.bundle_pool\plugins\org.eclipse.ui.workbench_3.118.0.v20200222-0719.jar;C:\Users\Sina-\Projects\Epsilon\workspace\.metadata\.plugins\org.eclipse.pde.core\.bundle_pool\plugins\org.eclipse.e4.ui.workbench3_0.15.400.v20191216-0805.jar;C:\Users\Sina-\Projects\Epsilon\workspace\.metadata\.plugins\org.eclipse.pde.core\.bundle_pool\plugins\org.eclipse.ui.console_3.9.100.v20200215-1209.jar;C:\Users\Sina-\Projects\Epsilon\workspace\.metadata\.plugins\org.eclipse.pde.core\.bundle_pool\plugins\org.eclipse.ui.editors_3.13.100.v20200130-1507.jar;C:\Users\Sina-\Projects\Epsilon\workspace\.metadata\.plugins\org.eclipse.pde.core\.bundle_pool\plugins\org.eclipse.core.filebuffers_3.6.900.v20200117-0616.jar;C:\Users\Sina-\Projects\Epsilon\workspace\.metadata\.plugins\org.eclipse.pde.core\.bundle_pool\plugins\org.eclipse.ui.ide_3.17.0.v20200217-1511.jar;C:\Users\Sina-\Projects\Epsilon\workspace\.metadata\.plugins\org.eclipse.pde.core\.bundle_pool\plugins\org.eclipse.e4.ui.ide_3.15.0.v20200113-2039.jar;C:\Users\Sina-\Projects\Epsilon\workspace\.metadata\.plugins\org.eclipse.pde.core\.bundle_pool\plugins\org.eclipse.ui.workbench.texteditor_3.14.100.v20200212-1049.jar;C:\Users\Sina-\Projects\Epsilon\workspace\.metadata\.plugins\org.eclipse.pde.core\.bundle_pool\plugins\org.eclipse.ui.views_3.10.200.v20200213-1442.jar;C:\Users\Sina-\Projects\Epsilon\workspace\.metadata\.plugins\org.eclipse.pde.core\.bundle_pool\plugins\org.eclipse.debug.ui_3.14.400.v20200222-1431.jar;C:\Users\Sina-\Projects\Epsilon\workspace\.metadata\.plugins\org.eclipse.pde.core\.bundle_pool\plugins\org.eclipse.debug.core_3.15.0.v20200224-0654.jar;C:\Users\Sina-\Projects\Epsilon\workspace\.metadata\.plugins\org.eclipse.pde.core\.bundle_pool\plugins\org.eclipse.core.resources_3.13.700.v20200209-1624.jar;C:\Users\Sina-\Projects\Epsilon\workspace\.metadata\.plugins\org.eclipse.pde.core\.bundle_pool\plugins\org.eclipse.e4.ui.css.swt.theme_0.12.600.v20200124-0005.jar;C:\Users\Sina-\Projects\Epsilon\org.eclipse.epsilon\plugins\org.eclipse.epsilon.erl.engine\bin;C:\Users\Sina-\Projects\Epsilon\org.eclipse.epsilon\plugins\org.eclipse.epsilon.eunit.engine\bin;C:\Users\Sina-\Projects\Epsilon\org.eclipse.epsilon\plugins\org.eclipse.epsilon.emc.emf\bin;C:\Users\Sina-\Projects\Epsilon\workspace\.metadata\.plugins\org.eclipse.pde.core\.bundle_pool\plugins\org.eclipse.emf_2.8.0.v20180706-1146.jar;C:\Users\Sina-\Projects\Epsilon\workspace\.metadata\.plugins\org.eclipse.pde.core\.bundle_pool\plugins\org.eclipse.emf.ecore_2.21.0.v20200127-1342.jar;C:\Users\Sina-\Projects\Epsilon\workspace\.metadata\.plugins\org.eclipse.pde.core\.bundle_pool\plugins\org.eclipse.emf.common_2.18.0.v20191225-1014.jar;C:\Users\Sina-\Projects\Epsilon\workspace\.metadata\.plugins\org.eclipse.pde.core\.bundle_pool\plugins\org.eclipse.emf.ecore.xmi_2.16.0.v20190528-0725.jar;C:\Users\Sina-\Projects\Epsilon\workspace\.metadata\.plugins\org.eclipse.pde.core\.bundle_pool\plugins\org.eclipse.emf.ecore.change_2.14.0.v20190528-0725.jar;C:\Users\Sina-\Projects\Epsilon\workspace\.metadata\.plugins\org.eclipse.pde.core\.bundle_pool\plugins\com.google.inject_3.0.0.v201605172100.jar;C:\Users\Sina-\Projects\Epsilon\workspace\.metadata\.plugins\org.eclipse.pde.core\.bundle_pool\plugins\org.eclipse.xsd_2.17.0.v20191220-1010.jar;C:\Users\Sina-\Projects\Epsilon\workspace\.metadata\.plugins\org.eclipse.pde.core\.bundle_pool\plugins\org.apache.commons.logging_1.2.0.v20180409-1502.jar;C:\Users\Sina-\Projects\Epsilon\org.eclipse.epsilon\plugins\org.eclipse.epsilon.hutn.engine\bin;C:\Users\Sina-\Projects\Epsilon\org.eclipse.epsilon\plugins\org.eclipse.epsilon.hutn.model\bin;C:\Users\Sina-\Projects\Epsilon\org.eclipse.epsilon\plugins\org.eclipse.epsilon.antlr.postprocessor.model\bin;C:\Users\Sina-\Projects\Epsilon\org.eclipse.epsilon\plugins\org.eclipse.epsilon.hutn.model.antlrAst\bin;C:\Users\Sina-\Projects\Epsilon\org.eclipse.epsilon\plugins\org.eclipse.epsilon.hutn.model.config\bin;C:\Users\Sina-\Projects\Epsilon\org.eclipse.epsilon\plugins\org.eclipse.epsilon.etl.engine\bin;C:\Users\Sina-\Projects\Epsilon\org.eclipse.epsilon\plugins\org.eclipse.epsilon.egl.engine\bin;C:\Users\Sina-\Projects\Epsilon\org.eclipse.epsilon\plugins\org.eclipse.epsilon.evl.engine\bin;C:\Users\Sina-\Projects\Epsilon\org.eclipse.epsilon\plugins\org.eclipse.epsilon.profiling\bin;C:\Users\Sina-\Projects\Epsilon\org.eclipse.epsilon\plugins\org.eclipse.epsilon.antlr.postprocessor\bin;C:\Users\Sina-\Projects\Epsilon\org.eclipse.epsilon\plugins\org.eclipse.epsilon.emc.plainxml\bin;C:\Users\Sina-\Projects\Epsilon\org.eclipse.epsilon\tests\org.eclipse.epsilon.test.dependencies\bin;C:\Users\Sina-\Projects\Epsilon\org.eclipse.epsilon\tests\org.eclipse.epsilon.test.dependencies\lib\gunit-1.0.2.jar;C:\Users\Sina-\Projects\Epsilon\org.eclipse.epsilon\tests\org.eclipse.epsilon.eol.engine.test.acceptance\bin;C:\Users\Sina-\eclipse\configuration\org.eclipse.osgi\221\0\.cp;C:\Users\Sina-\eclipse\configuration\org.eclipse.osgi\685\0\.cp"/><property name="java.vm.vendor" value="Oracle Corporation"/><property name="sun.arch.data.model" value="64"/><property name="user.variant" value=""/><property name="java.vendor.url" value="https://java.oracle.com/"/><property name="user.timezone" value="Europe/London"/><property name="java.vm.specification.version" value="14"/><property name="os.name" value="Windows 10"/><property name="sun.java.launcher" value="SUN_STANDARD"/><property name="user.country" value="GB"/><property name="sun.boot.library.path" value="C:\Program Files\Java\jdk-14.0.1\bin"/><property name="sun.java.command" value="org.eclipse.jdt.internal.junit.runner.RemoteTestRunner -version 3 -port 50202 -testLoaderClass org.eclipse.jdt.internal.junit4.runner.JUnit4TestLoader -loaderpluginname org.eclipse.jdt.junit4.runtime -classNames org.eclipse.epsilon.eol.engine.test.acceptance.EolAcceptanceTestSuite"/><property name="jdk.debug" value="release"/><property name="sun.cpu.endian" value="little"/><property name="user.home" value="C:\Users\Sina-"/><property name="user.language" value="en"/><property name="java.specification.vendor" value="Oracle Corporation"/><property name="java.version.date" value="2020-04-14"/><property name="java.home" value="C:\Program Files\Java\jdk-14.0.1"/><property name="file.separator" value="\"/><property name="java.vm.compressedOopsMode" value="32-bit"/><property name="line.separator" value="&#13;&#10;"/><property name="java.vm.specification.vendor" value="Oracle Corporation"/><property name="java.specification.name" value="Java Platform API Specification"/><property name="user.script" value=""/><property name="sun.management.compiler" value="HotSpot 64-Bit Tiered Compilers"/><property name="java.runtime.version" value="14.0.1+7"/><property name="user.name" value="Sina-"/><property name="path.separator" value=";"/><property name="os.version" value="10.0"/><property name="java.runtime.name" value="Java(TM) SE Runtime Environment"/><property name="file.encoding" value="UTF-8"/><property name="java.vm.name" value="Java HotSpot(TM) 64-Bit Server VM"/><property name="java.vendor.url.bug" value="https://bugreport.java.com/bugreport/"/><property name="java.io.tmpdir" value="C:\Users\Sina-\AppData\Local\Temp\"/><property name="java.version" value="14.0.1"/><property name="user.dir" value="C:\Users\Sina-\Projects\Epsilon\org.eclipse.epsilon\tests\org.eclipse.epsilon.eol.engine.test.acceptance"/><property name="os.arch" value="amd64"/><property name="java.vm.specification.name" value="Java Virtual Machine Specification"/><property name="sun.os.patch.level" value=""/><property name="java.library.path" value="C:\Program Files\Java\jdk-14.0.1\bin;C:\WINDOWS\Sun\Java\bin;C:\WINDOWS\system32;C:\WINDOWS;C:/Program Files/Java/jdk-14.0.1/bin/server;C:/Program Files/Java/jdk-14.0.1/bin;C:\Program Files\Java\jdk-14.0.1\bin;C:\Program Files\Python37\Scripts\;C:\Program Files\Python37\;C:\Program Files (x86)\Intel\iCLS Client\;C:\Program Files\Intel\iCLS Client\;C:\WINDOWS\system32;C:\WINDOWS;C:\WINDOWS\System32\Wbem;C:\WINDOWS\System32\WindowsPowerShell\v1.0\;C:\Program Files (x86)\Intel\Intel(R) Management Engine Components\DAL;C:\Program Files\Intel\Intel(R) Management Engine Components\DAL;C:\Program Files (x86)\Intel\Intel(R) Management Engine Components\IPT;C:\Program Files\Intel\Intel(R) Management Engine Components\IPT;C:\Program Files\Git\cmd;C:\Program Files (x86)\Microsoft Visual Studio\2017\BuildTools\Common7\Tools;C:\Program Files\nodejs\;C:\Program Files\PuTTY\;C:\WINDOWS\System32\OpenSSH\;C:\Tools\Maven\bin;C:\Program Files\MiKTeX 2.9\miktex\bin\x64\;C:\Program Files (x86)\Microsoft SDKs\F#\10.1\Framework\v4.0;C:\Program Files\Intel\WiFi\bin\;C:\Program Files\Common Files\Intel\WirelessCommon\;C:\Users\Sina-\AppData\Local\Microsoft\WindowsApps;C:\Program Files\Microsoft VS Code\bin;C:\Users\Sina-\AppData\Roaming\npm;.;C:\Users\Sina-\Scripts;C:\Users\Sina-\OneDrive\Programming\Utilities\bin\Win64;C:\Tools\VisualVM\bin;;C:\Users\Sina-\AppData\Local\Programs\Microsoft VS Code\bin;C:\Program Files (x86)\Nmap;C:\Program Files\JetBrains\IntelliJ IDEA Community Edition 2019.2.4\bin;;C:\Users\Sina-\Desktop;;."/><property name="java.vm.info" value="mixed mode, sharing"/><property name="java.vendor" value="Oracle Corporation"/><property name="java.vm.version" value="14.0.1+7"/><property name="sun.io.unicode.encoding" value="UnicodeLittle"/><property name="java.class.version" value="58.0"/></properties><testcase classname="default.LambdaExpressionTests" name="testStreamLambda" time="0.0370000"/><testcase classname="default.LambdaExpressionTests" name="testStreamCollect" time="0.00100000"/><testcase classname="default.LambdaExpressionTests" name="testBinaryOperator" time="0.00600000"/><testcase classname="default.LambdaExpressionTests" name="testParameterless" time="0.00200000"/><testcase classname="default.LambdaExpressionTests" name="testConsumer" time="0.00300000"/><testcase classname="default.LambdaExpressionTests" name="testSupplier" time="0.00900000"/><testcase classname="default.LambdaExpressionTests" name="testStreamIsLazy" time="0.100000"/><testcase classname="default.LambdaExpressionTests" name="testRunnableThread" time="0.00400000"/><testcase classname="default.LambdaExpressionTests" name="testContextlessSupplier" time="0.00100000"/><testcase classname="default.LambdaExpressionTests" name="testContextlessConsumer" time="0.00000"/><testcase classname="default.LambdaExpressionTests" name="testContextlessFunction" time="0.00100000"/><testcase classname="default.LambdaExpressionTests" name="testPredicateVariable" time="0.00400000"/><testcase classname="default.LambdaExpressionTests" name="testUnaryVariable" time="0.00300000"/><testcase classname="default.LambdaExpressionTests" name="testFunctionVariable" time="0.00400000"/><testcase classname="default.LambdaExpressionTests" name="testSupplierVariable" time="0.00200000"/><testcase classname="default.LambdaExpressionTests" name="testContextlessLambda" time="0.00100000"/><testcase classname="default.LambdaExpressionTests" name="testLambdaReuse" time="0.00700000"/><system-out>0&#13;
1&#13;
</system-out><system-err/></testsuite>