<?xml version="1.0" encoding="UTF-8" standalone="no"?><testsuite errors="0" failures="0" hostname="SINA-UX430UA" name="default.SequentialFirstOrderOperationTests" tests="15" time="0.00000"><properties><property name="java.runtime.name" value="OpenJDK Runtime Environment"/><property name="sun.boot.library.path" value="C:\Program Files\Java\jdk-8.0.212.03-hotspot\jre\bin"/><property name="java.vm.version" value="25.212-b03"/><property name="java.vm.vendor" value=""/><property name="java.vendor.url" value="http://java.oracle.com/"/><property name="java.rmi.server.randomIDs" value="true"/><property name="path.separator" value=";"/><property name="java.vm.name" value="OpenJDK 64-Bit Server VM"/><property name="file.encoding.pkg" value="sun.io"/><property name="user.country" value="GB"/><property name="user.script" value=""/><property name="sun.java.launcher" value="SUN_STANDARD"/><property name="sun.os.patch.level" value=""/><property name="java.vm.specification.name" value="Java Virtual Machine Specification"/><property name="user.dir" value="C:\Users\Sina-\Projects\Epsilon\org.eclipse.epsilon\tests\org.eclipse.epsilon.eol.engine.test.acceptance"/><property name="java.runtime.version" value="1.8.0_212-b03"/><property name="java.awt.graphicsenv" value="sun.awt.Win32GraphicsEnvironment"/><property name="java.endorsed.dirs" value="C:\Program Files\Java\jdk-8.0.212.03-hotspot\jre\lib\endorsed"/><property name="os.arch" value="amd64"/><property name="java.io.tmpdir" value="C:\Users\Sina-\AppData\Local\Temp\"/><property name="line.separator" value="&#13;&#10;"/><property name="java.vm.specification.vendor" value="Oracle Corporation"/><property name="user.variant" value=""/><property name="os.name" value="Windows 10"/><property name="sun.jnu.encoding" value="Cp1252"/><property name="java.library.path" value="C:\Program Files\Java\jdk-8.0.212.03-hotspot\bin;C:\WINDOWS\Sun\Java\bin;C:\WINDOWS\system32;C:\WINDOWS;C:/Program Files/Java/jdk-13.0.0.33-openj9//bin/j9vm;C:/Program Files/Java/jdk-13.0.0.33-openj9//bin;C:\Program Files\Java\jdk-13.0.0.33-openj9\\bin;C:\Program Files\Python37\Scripts\;C:\Program Files\Python37\;C:\Program Files (x86)\Intel\iCLS Client\;C:\Program Files\Intel\iCLS Client\;C:\WINDOWS\system32;C:\WINDOWS;C:\WINDOWS\System32\Wbem;C:\WINDOWS\System32\WindowsPowerShell\v1.0\;C:\Program Files (x86)\Intel\Intel(R) Management Engine Components\DAL;C:\Program Files\Intel\Intel(R) Management Engine Components\DAL;C:\Program Files (x86)\Intel\Intel(R) Management Engine Components\IPT;C:\Program Files\Intel\Intel(R) Management Engine Components\IPT;C:\Program Files\Git\cmd;C:\Program Files (x86)\Microsoft Visual Studio\2017\BuildTools\Common7\Tools;C:\Program Files\nodejs\;C:\Program Files\PuTTY\;C:\WINDOWS\System32\OpenSSH\;C:\Tools\Maven\bin;C:\Program Files\MiKTeX 2.9\miktex\bin\x64\;C:\Program Files (x86)\Microsoft SDKs\F#\10.1\Framework\v4.0;C:\Program Files\Intel\WiFi\bin\;C:\Program Files\Common Files\Intel\WirelessCommon\;C:\Users\Sina-\AppData\Local\Microsoft\WindowsApps;C:\Program Files\Microsoft VS Code\bin;C:\Users\Sina-\AppData\Roaming\npm;.;C:\Users\Sina-\Scripts;C:\Users\Sina-\OneDrive\Programming\Utilities\bin\Win64;C:\Tools\VisualVM\bin;;C:\Users\Sina-\AppData\Local\Programs\Microsoft VS Code\bin;C:\Program Files (x86)\Nmap;C:\Users\Sina-\Desktop;;."/><property name="java.specification.name" value="Java Platform API Specification"/><property name="java.class.version" value="52.0"/><property name="sun.management.compiler" value="HotSpot 64-Bit Tiered Compilers"/><property name="os.version" value="10.0"/><property name="user.home" value="C:\Users\Sina-"/><property name="user.timezone" value="Europe/London"/><property name="java.awt.printerjob" value="sun.awt.windows.WPrinterJob"/><property name="file.encoding" value="UTF-8"/><property name="java.specification.version" value="1.8"/><property name="java.class.path" value="C:\Users\Sina-\.p2\pool\plugins\org.hamcrest.library_1.3.0.v20180524-2246.jar;C:\Users\Sina-\.p2\pool\plugins\org.junit_4.12.0.v201504281640\junit.jar;C:\Users\Sina-\.p2\pool\plugins\org.hamcrest.core_1.3.0.v20180420-1519.jar;C:\Users\Sina-\Projects\Epsilon\org.eclipse.epsilon\plugins\org.eclipse.epsilon.dependencies\bin;C:\Users\Sina-\.p2\pool\plugins\org.antlr.runtime_3.2.0.v201101311130.jar;C:\Users\Sina-\Projects\Epsilon\org.eclipse.epsilon\plugins\org.eclipse.epsilon.common\bin;C:\Users\Sina-\Projects\Epsilon\org.eclipse.epsilon\plugins\org.eclipse.epsilon.eol.engine\bin;C:\Users\Sina-\Projects\Epsilon\org.eclipse.epsilon\plugins\org.eclipse.epsilon.common.dt\bin;C:\Users\Sina-\.p2\pool\plugins\org.eclipse.core.variables_3.4.600.v20190614-1239.jar;C:\Users\Sina-\.p2\pool\plugins\org.eclipse.core.runtime_3.16.0.v20190823-1314.jar;C:\Users\Sina-\.p2\pool\plugins\org.eclipse.osgi_3.15.0.v20190830-1434.jar;C:\Users\Sina-\.p2\pool\plugins\org.eclipse.osgi.compatibility.state_1.1.600.v20190814-1451.jar;C:\Users\Sina-\.p2\pool\plugins\org.eclipse.equinox.common_3.10.500.v20190815-1535.jar;C:\Users\Sina-\.p2\pool\plugins\org.eclipse.core.jobs_3.10.500.v20190620-1426.jar;C:\Users\Sina-\.p2\pool\plugins\org.eclipse.equinox.registry_3.8.500.v20190714-1850.jar;C:\Users\Sina-\.p2\pool\plugins\org.eclipse.equinox.preferences_3.7.500.v20190815-1535.jar;C:\Users\Sina-\.p2\pool\plugins\org.eclipse.core.contenttype_3.7.400.v20190624-1144.jar;C:\Users\Sina-\.p2\pool\plugins\org.eclipse.equinox.app_1.4.300.v20190815-1535.jar;C:\Users\Sina-\.p2\pool\plugins\org.eclipse.jface.text_3.15.300.v20190819-0725.jar;C:\Users\Sina-\.p2\pool\plugins\org.eclipse.text_3.9.0.v20190826-1019.jar;C:\Users\Sina-\.p2\pool\plugins\org.eclipse.ui_3.114.0.v20190808-1317.jar;C:\Users\Sina-\.p2\pool\plugins\org.eclipse.swt_3.112.0.v20190904-0609.jar;C:\Users\Sina-\.p2\pool\plugins\org.eclipse.swt.win32.win32.x86_64_3.112.0.v20190904-0609.jar;C:\Users\Sina-\.p2\pool\plugins\org.eclipse.jface_3.17.0.v20190820-1444.jar;C:\Users\Sina-\.p2\pool\plugins\org.eclipse.core.commands_3.9.500.v20190805-1157.jar;C:\Users\Sina-\.p2\pool\plugins\org.eclipse.ui.workbench_3.116.0.v20190826-1428.jar;C:\Users\Sina-\.p2\pool\plugins\org.eclipse.e4.ui.workbench3_0.15.200.v20190621-1448.jar;C:\Users\Sina-\.p2\pool\plugins\org.eclipse.ui.console_3.8.600.v20190815-2020.jar;C:\Users\Sina-\.p2\pool\plugins\org.eclipse.ui.editors_3.12.0.v20190730-1840.jar;C:\Users\Sina-\.p2\pool\plugins\org.eclipse.core.filebuffers_3.6.700.v20190614-0928.jar;C:\Users\Sina-\.p2\pool\plugins\org.eclipse.ui.ide_3.16.0.v20190916-1323.jar;C:\Users\Sina-\.p2\pool\plugins\org.eclipse.ui.workbench.texteditor_3.13.0.v20190903-0631.jar;C:\Users\Sina-\.p2\pool\plugins\org.eclipse.ui.views_3.10.0.v20190805-1157.jar;C:\Users\Sina-\.p2\pool\plugins\org.eclipse.debug.ui_3.14.200.v20190822-2125.jar;C:\Users\Sina-\.p2\pool\plugins\org.eclipse.debug.core_3.14.0.v20190812-1404.jar;C:\Users\Sina-\.p2\pool\plugins\org.eclipse.core.resources_3.13.500.v20190819-0800.jar;C:\Users\Sina-\.p2\pool\plugins\org.eclipse.e4.ui.css.swt.theme_0.12.400.v20190812-0413.jar;C:\Users\Sina-\Projects\Epsilon\org.eclipse.epsilon\plugins\org.eclipse.epsilon.erl.engine\bin;C:\Users\Sina-\Projects\Epsilon\org.eclipse.epsilon\plugins\org.eclipse.epsilon.eunit.engine\bin;C:\Users\Sina-\Projects\Epsilon\org.eclipse.epsilon\plugins\org.eclipse.epsilon.emc.emf\bin;C:\Users\Sina-\.p2\pool\plugins\org.eclipse.emf_2.8.0.v20180706-1146.jar;C:\Users\Sina-\.p2\pool\plugins\org.eclipse.emf.ecore_2.19.0.v20190822-1451.jar;C:\Users\Sina-\.p2\pool\plugins\org.eclipse.emf.common_2.16.0.v20190625-1131.jar;C:\Users\Sina-\.p2\pool\plugins\org.eclipse.emf.ecore.xmi_2.16.0.v20190528-0725.jar;C:\Users\Sina-\.p2\pool\plugins\org.eclipse.emf.ecore.change_2.14.0.v20190528-0725.jar;C:\Users\Sina-\.p2\pool\plugins\com.google.inject_3.0.0.v201605172100.jar;C:\Users\Sina-\.p2\pool\plugins\com.google.inject.multibindings_3.0.0.v201605172100.jar;C:\Users\Sina-\.p2\pool\plugins\org.eclipse.xsd_2.16.0.v20190625-1130.jar;C:\Users\Sina-\.p2\pool\plugins\org.apache.commons.logging_1.2.0.v20180409-1502.jar;C:\Users\Sina-\Projects\Epsilon\org.eclipse.epsilon\plugins\org.eclipse.epsilon.hutn.engine\bin;C:\Users\Sina-\Projects\Epsilon\org.eclipse.epsilon\plugins\org.eclipse.epsilon.hutn.model\bin;C:\Users\Sina-\Projects\Epsilon\org.eclipse.epsilon\plugins\org.eclipse.epsilon.antlr.postprocessor.model\bin;C:\Users\Sina-\Projects\Epsilon\org.eclipse.epsilon\plugins\org.eclipse.epsilon.hutn.model.antlrAst\bin;C:\Users\Sina-\Projects\Epsilon\org.eclipse.epsilon\plugins\org.eclipse.epsilon.hutn.model.config\bin;C:\Users\Sina-\Projects\Epsilon\org.eclipse.epsilon\plugins\org.eclipse.epsilon.etl.engine\bin;C:\Users\Sina-\Projects\Epsilon\org.eclipse.epsilon\plugins\org.eclipse.epsilon.egl.engine\bin;C:\Users\Sina-\Projects\Epsilon\org.eclipse.epsilon\plugins\org.eclipse.epsilon.evl.engine\bin;C:\Users\Sina-\Projects\Epsilon\org.eclipse.epsilon\plugins\org.eclipse.epsilon.profiling\bin;C:\Users\Sina-\Projects\Epsilon\org.eclipse.epsilon\plugins\org.eclipse.epsilon.antlr.postprocessor\bin;C:\Users\Sina-\Projects\Epsilon\org.eclipse.epsilon\tests\org.mockito_1.8.4;C:\Users\Sina-\Projects\Epsilon\org.eclipse.epsilon\tests\org.easymock_2.4\easymock.jar;C:\Users\Sina-\Projects\Epsilon\org.eclipse.epsilon\tests\org.easymock_2.4\easymockclassextension.jar;C:\Users\Sina-\Projects\Epsilon\org.eclipse.epsilon\tests\org.easymock_2.4\cglib-2.1_3-src.jar;C:\Users\Sina-\Projects\Epsilon\org.eclipse.epsilon\tests\org.easymock_2.4\cglib-nodep-2.1_3.jar;C:\Users\Sina-\Projects\Epsilon\org.eclipse.epsilon\plugins\org.eclipse.epsilon.emc.plainxml\bin;C:\Users\Sina-\Projects\Epsilon\org.eclipse.epsilon\tests\org.eclipse.epsilon.test.dependencies\bin;C:\Users\Sina-\Projects\Epsilon\org.eclipse.epsilon\tests\org.eclipse.epsilon.test.dependencies\lib\gunit-1.0.2.jar;C:\Users\Sina-\Projects\Epsilon\org.eclipse.epsilon\tests\org.eclipse.epsilon.eol.engine.test.acceptance\bin;C:\Users\Sina-\eclipse\configuration\org.eclipse.osgi\1283\0\.cp;C:\Users\Sina-\eclipse\configuration\org.eclipse.osgi\1282\0\.cp"/><property name="user.name" value="Sina-"/><property name="com.sun.management.jmxremote" value=""/><property name="java.vm.specification.version" value="1.8"/><property name="sun.java.command" value="org.eclipse.jdt.internal.junit.runner.RemoteTestRunner -version 3 -port 50451 -testLoaderClass org.eclipse.jdt.internal.junit4.runner.JUnit4TestLoader -loaderpluginname org.eclipse.jdt.junit4.runtime -classNames org.eclipse.epsilon.eol.engine.test.acceptance.EolAcceptanceTestSuite"/><property name="java.home" value="C:\Program Files\Java\jdk-8.0.212.03-hotspot\jre"/><property name="sun.arch.data.model" value="64"/><property name="user.language" value="en"/><property name="java.specification.vendor" value="Oracle Corporation"/><property name="awt.toolkit" value="sun.awt.windows.WToolkit"/><property name="java.vm.info" value="mixed mode"/><property name="java.version" value="1.8.0_212"/><property name="java.ext.dirs" value="C:\Program Files\Java\jdk-8.0.212.03-hotspot\jre\lib\ext;C:\WINDOWS\Sun\Java\lib\ext"/><property name="sun.boot.class.path" value="C:\Program Files\Java\jdk-8.0.212.03-hotspot\jre\lib\resources.jar;C:\Program Files\Java\jdk-8.0.212.03-hotspot\jre\lib\rt.jar;C:\Program Files\Java\jdk-8.0.212.03-hotspot\jre\lib\sunrsasign.jar;C:\Program Files\Java\jdk-8.0.212.03-hotspot\jre\lib\jsse.jar;C:\Program Files\Java\jdk-8.0.212.03-hotspot\jre\lib\jce.jar;C:\Program Files\Java\jdk-8.0.212.03-hotspot\jre\lib\charsets.jar;C:\Program Files\Java\jdk-8.0.212.03-hotspot\jre\lib\jfr.jar;C:\Program Files\Java\jdk-8.0.212.03-hotspot\jre\classes"/><property name="java.vendor" value="AdoptOpenJDK"/><property name="file.separator" value="\"/><property name="java.vendor.url.bug" value="http://bugreport.sun.com/bugreport/"/><property name="sun.io.unicode.encoding" value="UnicodeLittle"/><property name="sun.cpu.endian" value="little"/><property name="sun.desktop" value="windows"/><property name="sun.cpu.isalist" value="amd64"/></properties><testcase classname="default.SequentialFirstOrderOperationTests" name="testSequentialSelect" time="0.00000"/><testcase classname="default.SequentialFirstOrderOperationTests" name="testSequentialSelectOne" time="0.00000"/><testcase classname="default.SequentialFirstOrderOperationTests" name="testSequentialReject" time="0.00000"/><testcase classname="default.SequentialFirstOrderOperationTests" name="testSequentialRejectOne" time="0.00000"/><testcase classname="default.SequentialFirstOrderOperationTests" name="testSequentialExists" time="0.00000"/><testcase classname="default.SequentialFirstOrderOperationTests" name="testSequentialOne" time="0.00000"/><testcase classname="default.SequentialFirstOrderOperationTests" name="testSequentialNone" time="0.00000"/><testcase classname="default.SequentialFirstOrderOperationTests" name="testSequentialAtMostNMatch" time="0.00000"/><testcase classname="default.SequentialFirstOrderOperationTests" name="testSequentialAtLeastNMatch" time="0.00000"/><testcase classname="default.SequentialFirstOrderOperationTests" name="testSequentialNMatch" time="0.00000"/><testcase classname="default.SequentialFirstOrderOperationTests" name="testSequentialCount" time="0.00000"/><testcase classname="default.SequentialFirstOrderOperationTests" name="testSequentialForAll" time="0.00000"/><testcase classname="default.SequentialFirstOrderOperationTests" name="testSequentialCollect" time="0.00000"/><testcase classname="default.SequentialFirstOrderOperationTests" name="testSequentialSortBy" time="0.00000"/><testcase classname="default.SequentialFirstOrderOperationTests" name="testSequentialMapBy" time="0.00000"/><system-out/><system-err/></testsuite>