<?xml version="1.0" encoding="UTF-8" standalone="no"?><testsuite errors="0" failures="0" hostname="SINA-UX430UA" name="default.LambdaExpressionTest" tests="5" time="0.0560000"><properties><property name="sun.desktop" value="windows"/><property name="awt.toolkit" value="sun.awt.windows.WToolkit"/><property name="java.specification.version" value="11"/><property name="sun.cpu.isalist" value="amd64"/><property name="sun.jnu.encoding" value="Cp1252"/><property name="java.class.path" value="C:\Users\Sina-\.p2\pool\plugins\org.hamcrest.library_1.3.0.v20180524-2246.jar;C:\Users\Sina-\.p2\pool\plugins\org.junit_4.12.0.v201504281640\junit.jar;C:\Users\Sina-\.p2\pool\plugins\org.hamcrest.core_1.3.0.v20180420-1519.jar;C:\Users\Sina-\.p2\pool\plugins\org.eclipse.epsilon.dependencies_1.5.0.201804231715.jar;C:\Users\Sina-\.p2\pool\plugins\org.antlr.runtime_3.1.b1_3.1.0.jar;C:\Users\Sina-\Projects\Epsilon\org.eclipse.epsilon\plugins\org.eclipse.epsilon.common\bin;C:\Users\Sina-\Projects\Epsilon\org.eclipse.epsilon\plugins\org.eclipse.epsilon.eol.engine\bin;C:\Users\Sina-\Projects\Epsilon\org.eclipse.epsilon\plugins\org.eclipse.epsilon.common.dt\bin;C:\Users\Sina-\.p2\pool\plugins\org.eclipse.core.variables_3.4.200.v20180821-1744.jar;C:\Users\Sina-\.p2\pool\plugins\org.eclipse.core.runtime_3.15.0.v20180817-1401.jar;C:\Users\Sina-\.p2\pool\plugins\javax.inject_1.0.0.v20091030.jar;C:\Users\Sina-\.p2\pool\plugins\org.eclipse.osgi_3.13.100.v20180827-1536.jar;C:\Users\Sina-\.p2\pool\plugins\org.eclipse.osgi.compatibility.state_1.1.200.v20180827-1536.jar;C:\Users\Sina-\.p2\pool\plugins\org.eclipse.equinox.common_3.10.100.v20180827-1235.jar;C:\Users\Sina-\.p2\pool\plugins\org.eclipse.core.jobs_3.10.100.v20180817-1215.jar;C:\Users\Sina-\.p2\pool\plugins\org.eclipse.equinox.registry_3.8.100.v20180827-1235.jar;C:\Users\Sina-\.p2\pool\plugins\org.eclipse.equinox.preferences_3.7.200.v20180827-1235.jar;C:\Users\Sina-\.p2\pool\plugins\org.eclipse.core.contenttype_3.7.100.v20180817-1401.jar;C:\Users\Sina-\.p2\pool\plugins\org.eclipse.equinox.app_1.3.600.v20180827-1235.jar;C:\Users\Sina-\.p2\pool\plugins\org.eclipse.jface.text_3.14.0.v20180824-1140.jar;C:\Users\Sina-\.p2\pool\plugins\org.eclipse.text_3.7.0.v20180822-1511.jar;C:\Users\Sina-\.p2\pool\plugins\org.eclipse.ui_3.110.0.v20180828-1350.jar;C:\Users\Sina-\.p2\pool\plugins\org.eclipse.swt_3.108.0.v20180904-1901.jar;C:\Users\Sina-\.p2\pool\plugins\org.eclipse.swt.win32.win32.x86_64_3.108.0.v20180904-1901.jar;C:\Users\Sina-\.p2\pool\plugins\org.eclipse.jface_3.14.100.v20180828-0836.jar;C:\Users\Sina-\.p2\pool\plugins\org.eclipse.core.commands_3.9.200.v20180827-1727.jar;C:\Users\Sina-\.p2\pool\plugins\org.eclipse.ui.workbench_3.112.0.v20180906-1121.jar;C:\Users\Sina-\.p2\pool\plugins\org.eclipse.e4.ui.workbench3_0.14.200.v20180828-0227.jar;C:\Users\Sina-\.p2\pool\plugins\org.eclipse.ui.console_3.8.100.v20180821-1744.jar;C:\Users\Sina-\.p2\pool\plugins\org.eclipse.ui.editors_3.11.200.v20180822-1511.jar;C:\Users\Sina-\.p2\pool\plugins\org.eclipse.core.filebuffers_3.6.300.v20180822-1339.jar;C:\Users\Sina-\.p2\pool\plugins\org.eclipse.ui.ide_3.14.100.v20180828-1350.jar;C:\Users\Sina-\.p2\pool\plugins\org.eclipse.ui.workbench.texteditor_3.11.100.v20180824-1030.jar;C:\Users\Sina-\.p2\pool\plugins\org.eclipse.ui.views_3.9.200.v20180828-0837.jar;C:\Users\Sina-\.p2\pool\plugins\org.eclipse.debug.ui_3.13.100.v20180827-0649.jar;C:\Users\Sina-\.p2\pool\plugins\org.eclipse.debug.core_3.13.0.v20180821-1744.jar;C:\Users\Sina-\.p2\pool\plugins\org.eclipse.core.resources_3.13.100.v20180828-0158.jar;C:\Users\Sina-\.p2\pool\plugins\org.eclipse.e4.ui.css.swt.theme_0.12.100.v20180828-0227.jar;C:\Users\Sina-\Projects\Epsilon\org.eclipse.epsilon\plugins\org.eclipse.epsilon.erl.engine\bin;C:\Users\Sina-\Projects\Epsilon\org.eclipse.epsilon\plugins\org.eclipse.epsilon.eunit.engine\bin;C:\Users\Sina-\Projects\Epsilon\org.eclipse.epsilon\plugins\org.eclipse.epsilon.emc.emf\bin;C:\Users\Sina-\.p2\pool\plugins\org.eclipse.emf_2.8.0.v20180706-1146.jar;C:\Users\Sina-\.p2\pool\plugins\org.eclipse.emf.ecore_2.15.0.v20180722-1159.jar;C:\Users\Sina-\.p2\pool\plugins\org.eclipse.emf.common_2.15.0.v20180723-1316.jar;C:\Users\Sina-\.p2\pool\plugins\org.eclipse.emf.ecore.xmi_2.15.0.v20180706-1146.jar;C:\Users\Sina-\.p2\pool\plugins\org.eclipse.emf.ecore.change_2.13.0.v20180706-1146.jar;C:\Users\Sina-\.p2\pool\plugins\com.google.inject_3.0.0.v201605172100.jar;C:\Users\Sina-\.p2\pool\plugins\com.google.inject.multibindings_3.0.0.v201605172100.jar;C:\Users\Sina-\.p2\pool\plugins\org.eclipse.xsd_2.15.0.v20180722-1116.jar;C:\Users\Sina-\.p2\pool\plugins\org.apache.commons.logging_1.2.0.v20180409-1502.jar;C:\Users\Sina-\Projects\Epsilon\org.eclipse.epsilon\tests\org.mockito_1.8.4;C:\Users\Sina-\Projects\Epsilon\org.eclipse.epsilon\tests\org.easymock_2.4\easymock.jar;C:\Users\Sina-\Projects\Epsilon\org.eclipse.epsilon\tests\org.easymock_2.4\easymockclassextension.jar;C:\Users\Sina-\Projects\Epsilon\org.eclipse.epsilon\tests\org.easymock_2.4\cglib-2.1_3-src.jar;C:\Users\Sina-\Projects\Epsilon\org.eclipse.epsilon\tests\org.easymock_2.4\cglib-nodep-2.1_3.jar;C:\Users\Sina-\Projects\Epsilon\org.eclipse.epsilon\plugins\org.eclipse.epsilon.emc.plainxml\bin;C:\Users\Sina-\Projects\Epsilon\org.eclipse.epsilon\tests\org.eclipse.epsilon.test.dependencies\bin;C:\Users\Sina-\Projects\Epsilon\org.eclipse.epsilon\tests\org.eclipse.epsilon.test.dependencies\lib\gunit-1.0.2.jar;C:\Users\Sina-\Projects\Epsilon\org.eclipse.epsilon\tests\org.eclipse.epsilon.eol.engine.test.acceptance\bin;C:\Users\Sina-\eclipse\configuration\org.eclipse.osgi\2020\0\.cp;C:\Users\Sina-\eclipse\configuration\org.eclipse.osgi\2019\0\.cp"/><property name="java.vm.vendor" value="Oracle Corporation"/><property name="sun.arch.data.model" value="64"/><property name="user.variant" value=""/><property name="java.vendor.url" value="http://java.oracle.com/"/><property name="user.timezone" value="Europe/London"/><property name="os.name" value="Windows 10"/><property name="java.vm.specification.version" value="11"/><property name="sun.java.launcher" value="SUN_STANDARD"/><property name="user.country" value="GB"/><property name="sun.boot.library.path" value="C:\Program Files\Java\jdk-11\bin"/><property name="sun.java.command" value="org.eclipse.jdt.internal.junit.runner.RemoteTestRunner -version 3 -port 50078 -testLoaderClass org.eclipse.jdt.internal.junit4.runner.JUnit4TestLoader -loaderpluginname org.eclipse.jdt.junit4.runtime -classNames org.eclipse.epsilon.eol.engine.test.acceptance.EolAcceptanceTestSuite"/><property name="jdk.debug" value="release"/><property name="sun.cpu.endian" value="little"/><property name="user.home" value="C:\Users\Sina-"/><property name="user.language" value="en"/><property name="java.specification.vendor" value="Oracle Corporation"/><property name="java.version.date" value="2018-09-25"/><property name="java.home" value="C:\Program Files\Java\jdk-11"/><property name="file.separator" value="\"/><property name="java.vm.compressedOopsMode" value="32-bit"/><property name="line.separator" value="&#13;&#10;"/><property name="java.specification.name" value="Java Platform API Specification"/><property name="java.vm.specification.vendor" value="Oracle Corporation"/><property name="java.awt.graphicsenv" value="sun.awt.Win32GraphicsEnvironment"/><property name="user.script" value=""/><property name="sun.management.compiler" value="HotSpot 64-Bit Tiered Compilers"/><property name="java.runtime.version" value="11+28"/><property name="user.name" value="Sina-"/><property name="path.separator" value=";"/><property name="os.version" value="10.0"/><property name="java.runtime.name" value="Java(TM) SE Runtime Environment"/><property name="file.encoding" value="UTF-8"/><property name="java.vm.name" value="Java HotSpot(TM) 64-Bit Server VM"/><property name="java.vendor.version" value="18.9"/><property name="java.vendor.url.bug" value="http://bugreport.java.com/bugreport/"/><property name="java.io.tmpdir" value="C:\Users\Sina-\AppData\Local\Temp\"/><property name="java.version" value="11"/><property name="user.dir" value="C:\Users\Sina-\Projects\Epsilon\org.eclipse.epsilon\tests\org.eclipse.epsilon.eol.engine.test.acceptance"/><property name="os.arch" value="amd64"/><property name="java.vm.specification.name" value="Java Virtual Machine Specification"/><property name="java.awt.printerjob" value="sun.awt.windows.WPrinterJob"/><property name="sun.os.patch.level" value=""/><property name="java.library.path" value="C:\Program Files\Java\jdk-11\bin;C:\WINDOWS\Sun\Java\bin;C:\WINDOWS\system32;C:\WINDOWS;C:/Program Files/Java/jdk-11/bin/server;C:/Program Files/Java/jdk-11/bin;C:\Program Files\Python37\Scripts\;C:\Program Files\Python37\;C:\Program Files\Python36\Scripts\;C:\Program Files\Python36\;C:\Program Files (x86)\Intel\iCLS Client\;C:\Program Files\Intel\iCLS Client\;C:\WINDOWS\system32;C:\WINDOWS;C:\WINDOWS\System32\Wbem;C:\WINDOWS\System32\WindowsPowerShell\v1.0\;C:\Program Files (x86)\Intel\Intel(R) Management Engine Components\DAL;C:\Program Files\Intel\Intel(R) Management Engine Components\DAL;C:\Program Files (x86)\Intel\Intel(R) Management Engine Components\IPT;C:\Program Files\Intel\Intel(R) Management Engine Components\IPT;C:\Program Files\Java\jdk-11\bin;C:\Program Files\Git\cmd;C:\Program Files (x86)\Microsoft Visual Studio\2017\BuildTools\Common7\Tools;C:\Program Files\nodejs\;C:\Program Files\PuTTY\;C:\WINDOWS\System32\OpenSSH\;C:\Tools\Maven\bin;C:\Program Files\MiKTeX 2.9\miktex\bin\x64\;C:\Program Files (x86)\Microsoft SDKs\F#\10.1\Framework\v4.0;C:\Program Files\Intel\WiFi\bin\;C:\Program Files\Common Files\Intel\WirelessCommon\;C:\Users\Sina-\AppData\Local\Microsoft\WindowsApps;C:\Program Files\Microsoft VS Code\bin;C:\Users\Sina-\AppData\Roaming\npm;.;C:\Users\Sina-\Scripts;C:\Users\Sina-\OneDrive\Programming\Utilities\bin\Win64;C:\Tools\VisualVM\bin;;C:\Users\Sina-\AppData\Local\Programs\Microsoft VS Code\bin;C:\Users\Sina-\Desktop;;."/><property name="java.vendor" value="Oracle Corporation"/><property name="java.vm.info" value="mixed mode"/><property name="java.vm.version" value="11+28"/><property name="sun.io.unicode.encoding" value="UnicodeLittle"/><property name="java.class.version" value="55.0"/></properties><testcase classname="default.LambdaExpressionTest" name="testStreamLambda" time="0.0240000"/><testcase classname="default.LambdaExpressionTest" name="testParameterless" time="0.00000"/><testcase classname="default.LambdaExpressionTest" name="testConsumer" time="0.0140000"/><testcase classname="default.LambdaExpressionTest" name="testSupplier" time="0.00200000"/><testcase classname="default.LambdaExpressionTest" name="testStreamIsLazy" time="0.0160000"/><system-out>0&#13;
1&#13;
</system-out><system-err/></testsuite>